0 verbose cli /usr/local/bin/node /usr/local/bin/npm
1 info using npm@10.2.4
2 info using node@v20.11.0
3 timing npm:load:whichnode Completed in 0ms
4 timing config:load:defaults Completed in 0ms
5 timing config:load:file:/usr/local/lib/node_modules/npm/npmrc Completed in 1ms
6 timing config:load:builtin Completed in 1ms
7 timing config:load:cli Completed in 1ms
8 timing config:load:env Completed in 0ms
9 timing config:load:file:/Users/gudong/code/person/WeiMD/packages/core/.npmrc Completed in 0ms
10 timing config:load:project Completed in 1ms
11 timing config:load:file:/Users/gudong/.npmrc Completed in 1ms
12 timing config:load:user Completed in 1ms
13 timing config:load:file:/usr/local/etc/npmrc Completed in 0ms
14 timing config:load:global Completed in 0ms
15 timing config:load:setEnvs Completed in 1ms
16 timing config:load Completed in 5ms
17 timing npm:load:configload Completed in 5ms
18 timing config:load:flatten Completed in 1ms
19 timing npm:load:mkdirpcache Completed in 0ms
20 timing npm:load:mkdirplogs Completed in 0ms
21 verbose title npm run build
22 verbose argv "run" "build"
23 timing npm:load:setTitle Completed in 6ms
24 timing npm:load:display Completed in 1ms
25 verbose logfile logs-max:10 dir:/Users/gudong/code/person/WeiMD/packages/core/.npm-cache/_logs/2025-12-28T04_43_25_514Z-
26 verbose logfile /Users/gudong/code/person/WeiMD/packages/core/.npm-cache/_logs/2025-12-28T04_43_25_514Z-debug-0.log
27 timing npm:load:logFile Completed in 4ms
28 timing npm:load:timers Completed in 1ms
29 timing npm:load:configScope Completed in 0ms
30 timing npm:load Completed in 26ms
31 silly logfile done cleaning log files
32 http fetch GET 200 https://registry.npmmirror.com/npm 401ms (cache miss)
33 timing command:run Completed in 852ms
34 notice
34 notice New [31mmajor[39m version of npm available! [31m10.2.4[39m -> [32m11.7.0[39m
34 notice Changelog: [36mhttps://github.com/npm/cli/releases/tag/v11.7.0[39m
34 notice Run [32mnpm install -g npm@11.7.0[39m to update!
34 notice
35 verbose exit 0
36 timing npm Completed in 913ms
37 info ok
